<?xml version="1.0" encoding="UTF-8"?>
<!-- Generated by org.testng.reporters.JUnitReportReporter -->
<testsuite skipped="0" hostname="LAPTOP-ADF0UDSS" name="com.nopcommerce.demo.testsuite.TopMenuTest" tests="1" failures="0" timestamp="2022-12-12T23:09:54 GMT" time="4.844" errors="0">
  <testcase name="verifyUserShouldNavigateToPageSuccessfullyFromTopMenuTabClick" time="4.844" classname="com.nopcommerce.demo.testsuite.TopMenuTest"/>
  <system-out>
    <![CDATA[Click on the menu whatever name is passed as parameter[[[ChromeDriver: chrome on WINDOWS (aae1c15ccf2f94b4f342f9590470473f)] -> xpath: //div[@class = 'header-menu']/ul/li], [[ChromeDriver: chrome on WINDOWS (aae1c15ccf2f94b4f342f9590470473f)] -> xpath: //div[@class = 'header-menu']/ul/li], [[ChromeDriver: chrome on WINDOWS (aae1c15ccf2f94b4f342f9590470473f)] -> xpath: //div[@class = 'header-menu']/ul/li], [[ChromeDriver: chrome on WINDOWS (aae1c15ccf2f94b4f342f9590470473f)] -> xpath: //div[@class = 'header-menu']/ul/li], [[ChromeDriver: chrome on WINDOWS (aae1c15ccf2f94b4f342f9590470473f)] -> xpath: //div[@class = 'header-menu']/ul/li], [[ChromeDriver: chrome on WINDOWS (aae1c15ccf2f94b4f342f9590470473f)] -> xpath: //div[@class = 'header-menu']/ul/li], [[ChromeDriver: chrome on WINDOWS (aae1c15ccf2f94b4f342f9590470473f)] -> xpath: //div[@class = 'header-menu']/ul/li], [[ChromeDriver: chrome on WINDOWS (aae1c15ccf2f94b4f342f9590470473f)] -> xpath: //div[@class = 'header-menu']/ul/li], [[ChromeDriver: chrome on WINDOWS (aae1c15ccf2f94b4f342f9590470473f)] -> xpath: //div[@class = 'header-menu']/ul/li], [[ChromeDriver: chrome on WINDOWS (aae1c15ccf2f94b4f342f9590470473f)] -> xpath: //div[@class = 'header-menu']/ul/li], [[ChromeDriver: chrome on WINDOWS (aae1c15ccf2f94b4f342f9590470473f)] -> xpath: //div[@class = 'header-menu']/ul/li], [[ChromeDriver: chrome on WINDOWS (aae1c15ccf2f94b4f342f9590470473f)] -> xpath: //div[@class = 'header-menu']/ul/li], [[ChromeDriver: chrome on WINDOWS (aae1c15ccf2f94b4f342f9590470473f)] -> xpath: //div[@class = 'header-menu']/ul/li], [[ChromeDriver: chrome on WINDOWS (aae1c15ccf2f94b4f342f9590470473f)] -> xpath: //div[@class = 'header-menu']/ul/li]]
Verify page navigate to each tab whatever passed[[ChromeDriver: chrome on WINDOWS (aae1c15ccf2f94b4f342f9590470473f)] -> css selector: div.page-title]
Click to see screenshot
<a target = "_blank" href=C:\Users\balar\IdeaProjects\nopcommerce-Pagefactory-Project5-ManishaMavani/test-output/html/verifyUserShouldNavigateToPageSuccessfullyFromTopMenuTabClickMon_Dec_12_23_09_05_GMT_2022.jpg>Screenshot</a>
<br>
<br>
<a target = "_blank" href=C:\Users\balar\IdeaProjects\nopcommerce-Pagefactory-Project5-ManishaMavani/test-output/html/verifyUserShouldNavigateToPageSuccessfullyFromTopMenuTabClickMon_Dec_12_23_09_05_GMT_2022.jpg><img src=C:\Users\balar\IdeaProjects\nopcommerce-Pagefactory-Project5-ManishaMavani/test-output/html/verifyUserShouldNavigateToPageSuccessfullyFromTopMenuTabClickMon_Dec_12_23_09_05_GMT_2022.jpg height=200 width=200></img></a>]]>
  </system-out>
</testsuite> <!-- com.nopcommerce.demo.testsuite.TopMenuTest -->
