<?xml version="1.0" encoding="UTF-8"?>
<!-- Generated by org.testng.reporters.JUnitReportReporter -->
<testsuite skipped="0" hostname="LAPTOP-ADF0UDSS" name="com.nopcommerce.demo.testsuite.CellPhonesPageTest" tests="2" failures="0" timestamp="2022-12-12T23:09:54 GMT" time="24.596" errors="0">
  <testcase name="verifyUserShouldNavigateToCellPhonesPageSuccessfully" time="4.361" classname="com.nopcommerce.demo.testsuite.CellPhonesPageTest"/>
  <system-out>
    <![CDATA[Mouse Hover on “Electronics” Tab[[ChromeDriver: chrome on WINDOWS (3081abf49dbe06b68e1c84e497bc17a8)] -> xpath: //div[@class='header-menu']/ul[1]/li[2]/a]
Mouse Hover on “Cell phones” and click[[ChromeDriver: chrome on WINDOWS (3081abf49dbe06b68e1c84e497bc17a8)] -> xpath: //div[@class='header-menu']/ul[1]/li[2]/ul/li[2]/a[1]]
Verify the text “Cell phones”[[ChromeDriver: chrome on WINDOWS (3081abf49dbe06b68e1c84e497bc17a8)] -> xpath: //h1[text()='Cell phones']]
Click to see screenshot
<a target = "_blank" href=C:\Users\balar\IdeaProjects\nopcommerce-Pagefactory-Project5-ManishaMavani/test-output/html/verifyUserShouldNavigateToCellPhonesPageSuccessfullyMon_Dec_12_23_09_52_GMT_2022.jpg>Screenshot</a>
<br>
<br>
<a target = "_blank" href=C:\Users\balar\IdeaProjects\nopcommerce-Pagefactory-Project5-ManishaMavani/test-output/html/verifyUserShouldNavigateToCellPhonesPageSuccessfullyMon_Dec_12_23_09_52_GMT_2022.jpg><img src=C:\Users\balar\IdeaProjects\nopcommerce-Pagefactory-Project5-ManishaMavani/test-output/html/verifyUserShouldNavigateToCellPhonesPageSuccessfullyMon_Dec_12_23_09_52_GMT_2022.jpg height=200 width=200></img></a>]]>
  </system-out>
  <testcase name="verifyThatTheProductAddedSuccessfullyAndPlaceOrderSuccessfully" time="20.235" classname="com.nopcommerce.demo.testsuite.CellPhonesPageTest"/>
  <system-out>
    <![CDATA[Mouse Hover on “Electronics” Tab[[ChromeDriver: chrome on WINDOWS (f750b93e99028bfbe3319260437d4b99)] -> xpath: //div[@class='header-menu']/ul[1]/li[2]/a]
Mouse Hover on “Cell phones” and click[[ChromeDriver: chrome on WINDOWS (f750b93e99028bfbe3319260437d4b99)] -> xpath: //div[@class='header-menu']/ul[1]/li[2]/ul/li[2]/a[1]]
Verify the text “Cell phones”[[ChromeDriver: chrome on WINDOWS (f750b93e99028bfbe3319260437d4b99)] -> xpath: //h1[text()='Cell phones']]
Click on List View Tab[[ChromeDriver: chrome on WINDOWS (f750b93e99028bfbe3319260437d4b99)] -> xpath: //a[text()='List']]
Click on product name “Nokia Lumia 1020” link[[ChromeDriver: chrome on WINDOWS (f750b93e99028bfbe3319260437d4b99)] -> link text: Nokia Lumia 1020]
Verify text “Nokia Lumia 1020”[[ChromeDriver: chrome on WINDOWS (f750b93e99028bfbe3319260437d4b99)] -> xpath: //h1[text()='Nokia Lumia 1020']]
Verify the price “$349.00”[[ChromeDriver: chrome on WINDOWS (f750b93e99028bfbe3319260437d4b99)] -> xpath: //div[@class='product-price']//span[text()=' $349.00 ']]
Change quantity to2 in quantity field[[ChromeDriver: chrome on WINDOWS (f750b93e99028bfbe3319260437d4b99)] -> id: product_enteredQuantity_20]
Click on “ADD TO CART” tab[[ChromeDriver: chrome on WINDOWS (f750b93e99028bfbe3319260437d4b99)] -> id: add-to-cart-button-20]
Verify the Message "The product has been added to your shopping cart" on Top green Bar[[ChromeDriver: chrome on WINDOWS (f750b93e99028bfbe3319260437d4b99)] -> xpath: //body/div[@id='bar-notification']/div[1]]
Close the green bar clicking on the cross button[[ChromeDriver: chrome on WINDOWS (f750b93e99028bfbe3319260437d4b99)] -> xpath: //body/div[@id='bar-notification']/div[1]/span[1]]
MouseHover on "Shopping cart"[[ChromeDriver: chrome on WINDOWS (f750b93e99028bfbe3319260437d4b99)] -> xpath: //span[contains(text(),'Shopping cart')]]
Click on "GO TO CART" button.[[ChromeDriver: chrome on WINDOWS (f750b93e99028bfbe3319260437d4b99)] -> xpath: //button[contains(text(),'Go to cart')]]
Verify the message "Shopping cart" is display[[ChromeDriver: chrome on WINDOWS (f750b93e99028bfbe3319260437d4b99)] -> xpath: //h1[contains(text(),'Shopping cart')]]
Verify the quantity is 2[[ChromeDriver: chrome on WINDOWS (f750b93e99028bfbe3319260437d4b99)] -> xpath: //input[@class='qty-input']]
Verify the Total $698.00[[ChromeDriver: chrome on WINDOWS (f750b93e99028bfbe3319260437d4b99)] -> xpath: //td[@class='subtotal']//span[text()='$698.00']]
Click on checkbox “I agree with the terms of service”[[ChromeDriver: chrome on WINDOWS (f750b93e99028bfbe3319260437d4b99)] -> xpath: //input[@id='termsofservice']]
Click on “CHECKOUT button[[ChromeDriver: chrome on WINDOWS (f750b93e99028bfbe3319260437d4b99)] -> xpath: //button[@id='checkout']]
Verify the Text “Welcome, Please Sign In!”[[ChromeDriver: chrome on WINDOWS (f750b93e99028bfbe3319260437d4b99)] -> xpath: //h1[contains(text(),'Welcome, Please Sign In!')]]
Click on “Register” Tab[[ChromeDriver: chrome on WINDOWS (f750b93e99028bfbe3319260437d4b99)] -> xpath: //button[contains(text(),'Register')]]
Verify the text “Register”[[ChromeDriver: chrome on WINDOWS (f750b93e99028bfbe3319260437d4b99)] -> xpath: //h1[text()='Register']]
Enter Firstname Manisha to Firstname field [[ChromeDriver: chrome on WINDOWS (f750b93e99028bfbe3319260437d4b99)] -> id: FirstName]
Enter LastName Mavani to LastName field [[ChromeDriver: chrome on WINDOWS (f750b93e99028bfbe3319260437d4b99)] -> id: LastName]
Select Date15 from date field [[ChromeDriver: chrome on WINDOWS (f750b93e99028bfbe3319260437d4b99)] -> name: DateOfBirthDay]
Select MonthJuly from Month field [[ChromeDriver: chrome on WINDOWS (f750b93e99028bfbe3319260437d4b99)] -> name: DateOfBirthMonth]
Select Year1995 from Year field [[ChromeDriver: chrome on WINDOWS (f750b93e99028bfbe3319260437d4b99)] -> name: DateOfBirthYear]
Enter Email TestuserFD@gmail.com to Email field [[ChromeDriver: chrome on WINDOWS (f750b93e99028bfbe3319260437d4b99)] -> id: Email]
Enter Password Test123 to Password field [[ChromeDriver: chrome on WINDOWS (f750b93e99028bfbe3319260437d4b99)] -> id: Password]
Enter Confirm Password Test123 to Password field [[ChromeDriver: chrome on WINDOWS (f750b93e99028bfbe3319260437d4b99)] -> id: ConfirmPassword]
Click on “REGISTER” Button [[ChromeDriver: chrome on WINDOWS (f750b93e99028bfbe3319260437d4b99)] -> id: register-button]
 Verify the message “Your registration completed” is display [[ChromeDriver: chrome on WINDOWS (f750b93e99028bfbe3319260437d4b99)] -> xpath: //div[contains(text(),'Your registration completed')]]
Click on “CONTINUE” tab [[ChromeDriver: chrome on WINDOWS (f750b93e99028bfbe3319260437d4b99)] -> xpath: //a[contains(text(),'Continue')]]
Verify the message "Shopping cart" is display[[ChromeDriver: chrome on WINDOWS (f750b93e99028bfbe3319260437d4b99)] -> xpath: //div[@class = 'page-title']//h1]
Click on checkbox “I agree with the terms of service”[[ChromeDriver: chrome on WINDOWS (f750b93e99028bfbe3319260437d4b99)] -> xpath: //input[@id='termsofservice']]
Click on “CHECKOUT button[[ChromeDriver: chrome on WINDOWS (f750b93e99028bfbe3319260437d4b99)] -> xpath: //button[@id='checkout']]
Select country [[ChromeDriver: chrome on WINDOWS (f750b93e99028bfbe3319260437d4b99)] -> id: BillingNewAddress_CountryId]
Select State [[ChromeDriver: chrome on WINDOWS (f750b93e99028bfbe3319260437d4b99)] -> id: BillingNewAddress_StateProvinceId]
Enter City[[ChromeDriver: chrome on WINDOWS (f750b93e99028bfbe3319260437d4b99)] -> id: BillingNewAddress_City]
Enter Address Line 1[[ChromeDriver: chrome on WINDOWS (f750b93e99028bfbe3319260437d4b99)] -> id: BillingNewAddress_Address1]
Enter Zip code [[ChromeDriver: chrome on WINDOWS (f750b93e99028bfbe3319260437d4b99)] -> id: BillingNewAddress_ZipPostalCode]
Enter PhoneNumber[[ChromeDriver: chrome on WINDOWS (f750b93e99028bfbe3319260437d4b99)] -> id: BillingNewAddress_PhoneNumber]
Click on “CONTINUE”[[ChromeDriver: chrome on WINDOWS (f750b93e99028bfbe3319260437d4b99)] -> xpath: //div[@id='billing-buttons-container']/button[4]]
Click on Radio Button “2nd Day Air ($0.00)”[[ChromeDriver: chrome on WINDOWS (f750b93e99028bfbe3319260437d4b99)] -> id: shippingoption_2]
Click on “CONTINUE”[[ChromeDriver: chrome on WINDOWS (f750b93e99028bfbe3319260437d4b99)] -> xpath: //div[@id='shipping-method-buttons-container']/button]
Select Radio Button “Credit Card”[[ChromeDriver: chrome on WINDOWS (f750b93e99028bfbe3319260437d4b99)] -> xpath: //input[@id='paymentmethod_1']]
Click on “CONTINUE”[[ChromeDriver: chrome on WINDOWS (f750b93e99028bfbe3319260437d4b99)] -> xpath: //div[@id='payment-method-buttons-container']/button]
Select “Master card” From Select credit card dropdown[[ChromeDriver: chrome on WINDOWS (f750b93e99028bfbe3319260437d4b99)] -> id: CreditCardType]
Enter CardHolder NameMRs M D Mavani to CardHolder name field [[ChromeDriver: chrome on WINDOWS (f750b93e99028bfbe3319260437d4b99)] -> id: CardholderName]
Enter Card Number4111111111111111 to Card Number field [[ChromeDriver: chrome on WINDOWS (f750b93e99028bfbe3319260437d4b99)] -> id: CardNumber]
Select Expiry Month[[ChromeDriver: chrome on WINDOWS (f750b93e99028bfbe3319260437d4b99)] -> id: ExpireMonth]
Select Expiry Year[[ChromeDriver: chrome on WINDOWS (f750b93e99028bfbe3319260437d4b99)] -> id: ExpireYear]
Enter Card coder123to card code field[[ChromeDriver: chrome on WINDOWS (f750b93e99028bfbe3319260437d4b99)] -> id: CardCode]
Click on “CONTINUE”[[ChromeDriver: chrome on WINDOWS (f750b93e99028bfbe3319260437d4b99)] -> xpath: //div[@id='payment-info-buttons-container']/button]
Verify “Payment Method” is “Credit Card”[[ChromeDriver: chrome on WINDOWS (f750b93e99028bfbe3319260437d4b99)] -> xpath: //div[@class='payment-method-info']/ul/li]
 Verify “Shipping Method” is “2nd Day Air”[[ChromeDriver: chrome on WINDOWS (f750b93e99028bfbe3319260437d4b99)] -> xpath: //div[@class='shipping-method-info']/ul/li]
  Verify Total is “$2,950.00”[[ChromeDriver: chrome on WINDOWS (f750b93e99028bfbe3319260437d4b99)] -> xpath: //div[@class='shipping-method-info']/ul/li]
Click on “CONFIRM”[[ChromeDriver: chrome on WINDOWS (f750b93e99028bfbe3319260437d4b99)] -> xpath: //div[@id='confirm-order-buttons-container']//button]
Verify the Text “Thank You”[[ChromeDriver: chrome on WINDOWS (f750b93e99028bfbe3319260437d4b99)] -> xpath: //h1[text()='Thank you']]
Verify the message “Your order has been successfully processed!”[[ChromeDriver: chrome on WINDOWS (f750b93e99028bfbe3319260437d4b99)] -> xpath: //strong[text()='Your order has been successfully processed!']]
Click on “CONTINUE”[[ChromeDriver: chrome on WINDOWS (f750b93e99028bfbe3319260437d4b99)] -> xpath: //button[@class='button-1 order-completed-continue-button']]
Verify the text “Welcome to our store”[[ChromeDriver: chrome on WINDOWS (f750b93e99028bfbe3319260437d4b99)] -> xpath: //h2[text()='Welcome to our store']]
Click on “Logout” link[[ChromeDriver: chrome on WINDOWS (f750b93e99028bfbe3319260437d4b99)] -> link text: Log out]
Click to see screenshot
<a target = "_blank" href=C:\Users\balar\IdeaProjects\nopcommerce-Pagefactory-Project5-ManishaMavani/test-output/html/verifyThatTheProductAddedSuccessfullyAndPlaceOrderSuccessfullyMon_Dec_12_23_09_48_GMT_2022.jpg>Screenshot</a>
<br>
<br>
<a target = "_blank" href=C:\Users\balar\IdeaProjects\nopcommerce-Pagefactory-Project5-ManishaMavani/test-output/html/verifyThatTheProductAddedSuccessfullyAndPlaceOrderSuccessfullyMon_Dec_12_23_09_48_GMT_2022.jpg><img src=C:\Users\balar\IdeaProjects\nopcommerce-Pagefactory-Project5-ManishaMavani/test-output/html/verifyThatTheProductAddedSuccessfullyAndPlaceOrderSuccessfullyMon_Dec_12_23_09_48_GMT_2022.jpg height=200 width=200></img></a>]]>
  </system-out>
</testsuite> <!-- com.nopcommerce.demo.testsuite.CellPhonesPageTest -->
